<?xml version="1.0" encoding="UTF-8"?>
<testsuite xmlns:xsi="http://www.w3.org/2001/XMLSchema-instance" xsi:noNamespaceSchemaLocation="https://maven.apache.org/surefire/maven-surefire-plugin/xsd/surefire-test-report.xsd" version="3.0.2" name="com.code.monks.nukkad.NukkadAppApplicationTests" time="5.567" tests="1" errors="0" skipped="0" failures="0">
  <properties>
[...]
</properties>
  <testcase name="contextLoads" classname="com.code.monks.nukkad.NukkadAppApplicationTests" time="0.453">
    <system-out><![CDATA[10:49:04.162 [main] INFO org.springframework.test.context.support.AnnotationConfigContextLoaderUtils -- Could not detect default configuration classes for test class [com.code.monks.nukkad.NukkadAppApplicationTests]: NukkadAppApplicationTests does not declare any static, non-private, non-final, nested classes annotated with @Configuration.
10:49:04.299 [main] INFO org.springframework.boot.test.context.SpringBootTestContextBootstrapper -- Found @SpringBootConfiguration com.code.monks.nukkad.NukkadAppApplication for test class com.code.monks.nukkad.NukkadAppApplicationTests
10:49:04.462 [main] INFO org.springframework.boot.devtools.restart.RestartApplicationListener -- Restart disabled due to context in which it is running

  .   ____          _            __ _ _
 /\\ / ___'_ __ _ _(_)_ __  __ _ \ \ \ \
( ( )\___ | '_ | '_| | '_ \/ _` | \ \ \ \
 \\/  ___)| |_)| | | | | || (_| |  ) ) ) )
  '  |____| .__|_| |_|_| |_\__, | / / / /
 =========|_|==============|___/=/_/_/_/

 :: Spring Boot ::                (v3.4.5)

2025-06-24T10:49:04.758+05:30  INFO 10332 --- [nukkad_App] [           main] c.c.m.nukkad.NukkadAppApplicationTests   : Starting NukkadAppApplicationTests using Java 21.0.7 with PID 10332 (started by DELL in D:\Projects\nukkad-app-api)
2025-06-24T10:49:04.759+05:30  INFO 10332 --- [nukkad_App] [           main] c.c.m.nukkad.NukkadAppApplicationTests   : No active profile set, falling back to 1 default profile: "default"
2025-06-24T10:49:05.498+05:30  INFO 10332 --- [nukkad_App] [           main] .s.d.r.c.RepositoryConfigurationDelegate : Bootstrapping Spring Data JPA repositories in DEFAULT mode.
2025-06-24T10:49:05.588+05:30  INFO 10332 --- [nukkad_App] [           main] .s.d.r.c.RepositoryConfigurationDelegate : Finished Spring Data repository scanning in 81 ms. Found 9 JPA repository interfaces.
2025-06-24T10:49:06.091+05:30  INFO 10332 --- [nukkad_App] [           main] o.hibernate.jpa.internal.util.LogHelper  : HHH000204: Processing PersistenceUnitInfo [name: default]
2025-06-24T10:49:06.151+05:30  INFO 10332 --- [nukkad_App] [           main] org.hibernate.Version                    : HHH000412: Hibernate ORM core version 6.6.13.Final
2025-06-24T10:49:06.184+05:30  INFO 10332 --- [nukkad_App] [           main] o.h.c.internal.RegionFactoryInitiator    : HHH000026: Second-level cache disabled
2025-06-24T10:49:06.524+05:30  INFO 10332 --- [nukkad_App] [           main] o.s.o.j.p.SpringPersistenceUnitInfo      : No LoadTimeWeaver setup: ignoring JPA class transformer
2025-06-24T10:49:06.556+05:30  INFO 10332 --- [nukkad_App] [           main] com.zaxxer.hikari.HikariDataSource       : HikariPool-1 - Starting...
2025-06-24T10:49:06.897+05:30  INFO 10332 --- [nukkad_App] [           main] com.zaxxer.hikari.pool.HikariPool        : HikariPool-1 - Added connection com.mysql.cj.jdbc.ConnectionImpl@35329a05
2025-06-24T10:49:06.899+05:30  INFO 10332 --- [nukkad_App] [           main] com.zaxxer.hikari.HikariDataSource       : HikariPool-1 - Start completed.
2025-06-24T10:49:06.940+05:30  WARN 10332 --- [nukkad_App] [           main] org.hibernate.orm.deprecation            : HHH90000025: MySQL8Dialect does not need to be specified explicitly using 'hibernate.dialect' (remove the property setting and it will be selected by default)
2025-06-24T10:49:06.941+05:30  WARN 10332 --- [nukkad_App] [           main] org.hibernate.orm.deprecation            : HHH90000026: MySQL8Dialect has been deprecated; use org.hibernate.dialect.MySQLDialect instead
2025-06-24T10:49:06.957+05:30  INFO 10332 --- [nukkad_App] [           main] org.hibernate.orm.connections.pooling    : HHH10001005: Database info:
	Database JDBC URL [Connecting through datasource 'HikariDataSource (HikariPool-1)']
	Database driver: undefined/unknown
	Database version: 8.0
	Autocommit mode: undefined/unknown
	Isolation level: undefined/unknown
	Minimum pool size: undefined/unknown
	Maximum pool size: undefined/unknown
2025-06-24T10:49:08.029+05:30  INFO 10332 --- [nukkad_App] [           main] o.h.e.t.j.p.i.JtaPlatformInitiator       : HHH000489: No JTA platform available (set 'hibernate.transaction.jta.platform' to enable JTA platform integration)
2025-06-24T10:49:08.032+05:30  INFO 10332 --- [nukkad_App] [           main] j.LocalContainerEntityManagerFactoryBean : Initialized JPA EntityManagerFactory for persistence unit 'default'
2025-06-24T10:49:08.707+05:30  WARN 10332 --- [nukkad_App] [           main] JpaBaseConfiguration$JpaWebConfiguration : spring.jpa.open-in-view is enabled by default. Therefore, database queries may be performed during view rendering. Explicitly configure spring.jpa.open-in-view to disable this warning
2025-06-24T10:49:09.109+05:30  INFO 10332 --- [nukkad_App] [           main] c.c.m.nukkad.NukkadAppApplicationTests   : Started NukkadAppApplicationTests in 4.659 seconds (process running for 5.931)
]]></system-out>
    <system-err><![CDATA[Mockito is currently self-attaching to enable the inline-mock-maker. This will no longer work in future releases of the JDK. Please add Mockito as an agent to your build what is described in Mockito's documentation: https://javadoc.io/doc/org.mockito/mockito-core/latest/org/mockito/Mockito.html#0.3
WARNING: A Java agent has been loaded dynamically (C:\Users\DELL\.m2\repository\net\bytebuddy\byte-buddy-agent\1.15.11\byte-buddy-agent-1.15.11.jar)
WARNING: If a serviceability tool is in use, please run with -XX:+EnableDynamicAgentLoading to hide this warning
WARNING: If a serviceability tool is not in use, please run with -Djdk.instrument.traceUsage for more information
WARNING: Dynamic loading of agents will be disallowed by default in a future release
]]></system-err>
  </testcase>
</testsuite>